<?xml version="1.0" encoding="UTF-8"?>
<!-- Generated by org.testng.reporters.JUnitReportReporter -->
<testsuite hostname="DESKTOP-NIPQTDE" failures="0" tests="2" name="testng.Logo" time="0.078" errors="0" timestamp="2024-09-06T16:45:28 IST" skipped="0">
  <testcase classname="testng.Logo" name="logodisplay" time="0.043"/>
  <system-out/>
  <testcase classname="testng.Logo" name="radiobutton" time="0.035"/>
  <system-out/>
</testsuite> <!-- testng.Logo -->
