<?xml version="1.0" encoding="UTF-8"?>
<!-- Generated by org.testng.reporters.JUnitReportReporter -->
<testsuite hostname="DESKTOP-NIPQTDE" failures="0" tests="1" name="testng.Windowhandle" time="5.438" errors="0" timestamp="2024-09-23T16:31:14 IST" skipped="0">
  <testcase classname="testng.Windowhandle" name="test" time="5.438"/>
  <system-out/>
</testsuite> <!-- testng.Windowhandle -->
