<?xml version="1.0" encoding="UTF-8"?>
<!-- Generated by org.testng.reporters.JUnitReportReporter -->
<testsuite hostname="DESKTOP-NIPQTDE" failures="0" tests="4" name="testng.Testngdemo" time="0.042" errors="0" timestamp="2024-09-05T19:41:55 IST" skipped="0">
  <testcase classname="testng.Testngdemo" name="test1" time="0.009"/>
  <system-out/>
  <testcase classname="testng.Testngdemo" name="test3" time="0.006"/>
  <system-out/>
  <testcase classname="testng.Testngdemo" name="test4" time="0.003"/>
  <system-out/>
  <testcase classname="testng.Testngdemo" name="test2" time="0.024"/>
  <system-out/>
</testsuite> <!-- testng.Testngdemo -->
