<?xml version="1.0" encoding="UTF-8"?>
<!-- Generated by org.testng.reporters.JUnitReportReporter -->
<testsuite hostname="DESKTOP-NIPQTDE" failures="0" tests="6" name="testng.Testng3timeexecution" time="0.063" errors="0" timestamp="2024-09-05T20:03:23 IST" skipped="1">
  <testcase classname="testng.Testng3timeexecution" name="test4" time="0.036"/>
  <system-out/>
  <testcase classname="testng.Testng3timeexecution" name="test2" time="0.005"/>
  <system-out/>
  <testcase classname="testng.Testng3timeexecution" name="test1" time="0.007"/>
  <system-out/>
  <testcase classname="testng.Testng3timeexecution" name="test1" time="0.008"/>
  <system-out/>
  <testcase classname="testng.Testng3timeexecution" name="test1" time="0.007"/>
  <system-out/>
  <testcase classname="testng.Testng3timeexecution" name="test3">
    <skipped/>
  </testcase> <!-- test3 -->
  <system-out/>
</testsuite> <!-- testng.Testng3timeexecution -->
