<?xml version="1.0" encoding="UTF-8"?>
<!-- Generated by org.testng.reporters.JUnitReportReporter -->
<testsuite hostname="DESKTOP-NIPQTDE" failures="0" tests="1" name="testng.Fileuploadrobot" time="3.291" errors="0" timestamp="2024-09-19T16:12:37 IST" skipped="0">
  <testcase classname="testng.Fileuploadrobot" name="test1" time="3.291"/>
  <system-out/>
</testsuite> <!-- testng.Fileuploadrobot -->
