<?xml version="1.0" encoding="UTF-8"?>
<!-- Generated by org.testng.reporters.JUnitReportReporter -->
<testsuite hostname="DESKTOP-NIPQTDE" failures="0" tests="4" name="testng.Testngdepends" time="0.036" errors="0" timestamp="2024-09-05T19:56:25 IST" skipped="1">
  <testcase classname="testng.Testngdepends" name="test4" time="0.031"/>
  <system-out/>
  <testcase classname="testng.Testngdepends" name="test2" time="0.002"/>
  <system-out/>
  <testcase classname="testng.Testngdepends" name="test1" time="0.003"/>
  <system-out/>
  <testcase classname="testng.Testngdepends" name="test3">
    <skipped/>
  </testcase> <!-- test3 -->
  <system-out/>
</testsuite> <!-- testng.Testngdepends -->
