<?xml version="1.0" encoding="UTF-8"?>
<!-- Generated by org.testng.reporters.JUnitReportReporter -->
<testsuite hostname="DESKTOP-NIPQTDE" failures="0" tests="4" name="testng.Testngskip" time="0.015" errors="0" timestamp="2024-09-05T19:50:08 IST" skipped="1">
  <testcase classname="testng.Testngskip" name="test4" time="0.010"/>
  <system-out/>
  <testcase classname="testng.Testngskip" name="test2" time="0.003"/>
  <system-out/>
  <testcase classname="testng.Testngskip" name="test1" time="0.002"/>
  <system-out/>
  <testcase classname="testng.Testngskip" name="test3">
    <skipped/>
  </testcase> <!-- test3 -->
  <system-out/>
</testsuite> <!-- testng.Testngskip -->
