<?xml version="1.0" encoding="UTF-8"?>
<!-- Generated by org.testng.reporters.JUnitReportReporter -->
<testsuite hostname="DESKTOP-NIPQTDE" failures="0" tests="2" name="testng.Janasya" time="0.498" errors="0" timestamp="2024-09-18T17:34:49 IST" skipped="0">
  <testcase classname="testng.Janasya" name="Titleverification" time="0.084"/>
  <system-out/>
  <testcase classname="testng.Janasya" name="test" time="0.414"/>
  <system-out/>
</testsuite> <!-- testng.Janasya -->
