<?xml version="1.0" encoding="UTF-8"?>
<!-- Generated by org.testng.reporters.JUnitReportReporter -->
<testsuite hostname="DESKTOP-NIPQTDE" failures="0" tests="1" name="testng.Buttontextverification" time="0.037" errors="0" timestamp="2024-09-10T16:03:14 IST" skipped="0">
  <testcase classname="testng.Buttontextverification" name="copypaste" time="0.037"/>
  <system-out/>
</testsuite> <!-- testng.Buttontextverification -->
