<?xml version="1.0" encoding="UTF-8"?>
<!-- Generated by org.testng.reporters.JUnitReportReporter -->
<testsuite hostname="DESKTOP-NIPQTDE" failures="0" tests="2" name="testng.Testngtest" time="0.013" errors="0" timestamp="2024-09-05T20:19:05 IST" skipped="0">
  <testcase classname="testng.Testngtest" name="test1" time="0.012"/>
  <system-out/>
  <testcase classname="testng.Testngtest" name="test2" time="0.001"/>
  <system-out/>
</testsuite> <!-- testng.Testngtest -->
