<?xml version="1.0" encoding="UTF-8"?>
<!-- Generated by org.testng.reporters.JUnitReportReporter -->
<testsuite hostname="DESKTOP-NIPQTDE" failures="0" tests="4" name="testng.Testngprioriy" time="0.022" errors="0" timestamp="2024-09-05T19:46:08 IST" skipped="0">
  <testcase classname="testng.Testngprioriy" name="test3" time="0.016"/>
  <system-out/>
  <testcase classname="testng.Testngprioriy" name="test4" time="0.001"/>
  <system-out/>
  <testcase classname="testng.Testngprioriy" name="test2" time="0.003"/>
  <system-out/>
  <testcase classname="testng.Testngprioriy" name="test1" time="0.002"/>
  <system-out/>
</testsuite> <!-- testng.Testngprioriy -->
