<?xml version="1.0" encoding="UTF-8"?>
<!-- Generated by org.testng.reporters.JUnitReportReporter -->
<testsuite hostname="DESKTOP-NIPQTDE" failures="0" tests="1" name="testng.Gurudemosite" time="0.538" errors="0" timestamp="2024-09-06T17:30:39 IST" skipped="0">
  <testcase classname="testng.Gurudemosite" name="test" time="0.538"/>
  <system-out/>
</testsuite> <!-- testng.Gurudemosite -->
