<?xml version="1.0" encoding="UTF-8"?>
<!-- Generated by org.testng.reporters.JUnitReportReporter -->
<testsuite hostname="DESKTOP-NIPQTDE" failures="0" tests="1" name="testng.Imlicitandexplicit" time="0.851" errors="0" timestamp="2024-09-09T16:16:13 IST" skipped="0">
  <testcase classname="testng.Imlicitandexplicit" name="copypaste" time="0.851"/>
  <system-out/>
</testsuite> <!-- testng.Imlicitandexplicit -->
