<?xml version="1.0" encoding="UTF-8"?>
<!-- Generated by org.testng.reporters.JUnitReportReporter -->
<testsuite hostname="DESKTOP-NIPQTDE" failures="0" tests="1" name="testng.Parametrise" time="0.027" errors="0" timestamp="2024-09-06T15:55:49 IST" skipped="0">
  <testcase classname="testng.Parametrise" name="test" time="0.027"/>
  <system-out/>
</testsuite> <!-- testng.Parametrise -->
